TN:
SF:src/server.ts
FN:8,createMCPServer
FNF:1
FNH:1
FNDA:15,createMCPServer
DA:1,2
DA:2,2
DA:8,2
DA:9,15
DA:11,15
DA:25,15
DA:26,15
LF:7
LH:7
BRF:0
BRH:0
end_of_record
TN:
SF:src/data/db-static-data.ts
FNF:0
FNH:0
DA:32,3
DA:106,3
DA:152,3
DA:180,3
LF:4
LH:4
BRF:0
BRH:0
end_of_record
TN:
SF:src/prompts/db-prompts.ts
FN:9,registerDBPrompts
FN:17,(anonymous_1)
FN:127,(anonymous_2)
FNF:3
FNH:0
FNDA:0,registerDBPrompts
FNDA:0,(anonymous_1)
FNDA:0,(anonymous_2)
DA:11,0
DA:18,0
DA:19,0
DA:21,0
DA:53,0
DA:55,0
DA:56,0
DA:58,0
DA:68,0
DA:70,0
DA:80,0
DA:82,0
DA:92,0
DA:96,0
DA:101,0
DA:114,0
DA:115,0
DA:121,0
DA:128,0
DA:129,0
DA:131,0
DA:167,0
DA:180,0
DA:181,0
LF:24
LH:0
BRDA:55,0,0,0
BRDA:55,0,1,0
BRDA:56,1,0,0
BRDA:56,1,1,0
BRDA:56,1,2,0
BRF:5
BRH:0
end_of_record
TN:
SF:src/resources/db-resources.ts
FN:9,registerDBResources
FN:19,(anonymous_1)
FN:111,(anonymous_2)
FNF:3
FNH:0
FNDA:0,registerDBResources
FNDA:0,(anonymous_1)
FNDA:0,(anonymous_2)
DA:11,0
DA:20,0
DA:21,0
DA:88,0
DA:96,0
DA:97,0
DA:103,0
DA:112,0
DA:113,0
DA:146,0
DA:154,0
DA:155,0
LF:12
LH:0
BRF:0
BRH:0
end_of_record
TN:
SF:src/tools/db-offline-tools.ts
FN:11,findStations
FN:13,(anonymous_1)
FN:23,getTrainTypes
FN:30,findTrainType
FN:31,(anonymous_4)
FN:37,getPopularRoutes
FN:44,findRoutesWithStation
FN:46,(anonymous_7)
FN:47,(anonymous_8)
FN:54,getDBInfo
FN:61,estimateTravelTime
FN:98,calculateDistance
FN:109,toRadians
FNF:13
FNH:13
FNDA:71,findStations
FNDA:710,(anonymous_1)
FNDA:5,getTrainTypes
FNDA:39,findTrainType
FNDA:109,(anonymous_4)
FNDA:3,getPopularRoutes
FNDA:5,findRoutesWithStation
FNDA:20,(anonymous_7)
FNDA:68,(anonymous_8)
FNDA:2,getDBInfo
FNDA:18,estimateTravelTime
FNDA:14,calculateDistance
FNDA:56,toRadians
DA:1,2
DA:11,2
DA:12,71
DA:13,71
DA:14,710
DA:23,2
DA:24,5
DA:30,2
DA:31,109
DA:37,2
DA:38,3
DA:44,2
DA:45,5
DA:46,5
DA:47,68
DA:54,2
DA:55,2
DA:61,2
DA:62,18
DA:63,18
DA:64,18
DA:66,18
DA:67,2
DA:70,16
DA:71,2
DA:75,14
DA:76,14
DA:84,14
DA:85,14
DA:86,14
DA:87,14
DA:89,14
DA:92,0
DA:99,14
DA:100,14
DA:101,14
DA:102,14
DA:105,14
DA:106,14
DA:110,56
LF:40
LH:39
BRDA:14,0,0,710
BRDA:14,0,1,625
BRDA:14,0,2,625
BRDA:61,1,0,8
BRDA:66,2,0,2
BRDA:66,2,1,16
BRDA:66,3,0,18
BRDA:66,3,1,16
BRDA:70,4,0,2
BRDA:70,4,1,14
BRDA:75,5,0,14
BRDA:75,5,1,0
BRDA:75,6,0,14
BRDA:75,6,1,14
BRF:14
BRH:13
end_of_record
TN:
SF:src/tools/db-tools.ts
FN:15,(anonymous_0)
FN:21,(anonymous_1)
FN:25,(anonymous_2)
FN:47,(anonymous_3)
FN:70,(anonymous_4)
FN:77,(anonymous_5)
FN:81,(anonymous_6)
FN:94,(anonymous_7)
FN:99,(anonymous_8)
FN:109,registerDBTools
FN:118,(anonymous_10)
FN:137,(anonymous_11)
FN:176,(anonymous_12)
FN:237,(anonymous_13)
FN:257,(anonymous_14)
FN:299,(anonymous_15)
FN:319,(anonymous_16)
FN:362,(anonymous_17)
FN:399,(anonymous_18)
FN:418,(anonymous_19)
FN:419,(anonymous_20)
FN:423,(anonymous_21)
FN:432,(anonymous_22)
FNF:23
FNH:0
FNDA:0,(anonymous_0)
FNDA:0,(anonymous_1)
FNDA:0,(anonymous_2)
FNDA:0,(anonymous_3)
FNDA:0,(anonymous_4)
FNDA:0,(anonymous_5)
FNDA:0,(anonymous_6)
FNDA:0,(anonymous_7)
FNDA:0,(anonymous_8)
FNDA:0,registerDBTools
FNDA:0,(anonymous_10)
FNDA:0,(anonymous_11)
FNDA:0,(anonymous_12)
FNDA:0,(anonymous_13)
FNDA:0,(anonymous_14)
FNDA:0,(anonymous_15)
FNDA:0,(anonymous_16)
FNDA:0,(anonymous_17)
FNDA:0,(anonymous_18)
FNDA:0,(anonymous_19)
FNDA:0,(anonymous_20)
FNDA:0,(anonymous_21)
FNDA:0,(anonymous_22)
DA:16,0
DA:17,0
DA:18,0
DA:22,0
DA:25,0
DA:26,0
DA:27,0
DA:31,0
DA:37,0
DA:38,0
DA:40,0
DA:43,0
DA:44,0
DA:46,0
DA:47,0
DA:49,0
DA:55,0
DA:57,0
DA:58,0
DA:61,0
DA:62,0
DA:63,0
DA:65,0
DA:66,0
DA:71,0
DA:78,0
DA:82,0
DA:87,0
DA:88,0
DA:91,0
DA:96,0
DA:100,0
DA:104,0
DA:111,0
DA:119,0
DA:120,0
DA:122,0
DA:123,0
DA:132,0
DA:134,0
DA:136,0
DA:137,0
DA:138,0
DA:139,0
DA:140,0
DA:141,0
DA:142,0
DA:144,0
DA:147,0
DA:150,0
DA:157,0
DA:158,0
DA:170,0
DA:177,0
DA:178,0
DA:180,0
DA:181,0
DA:190,0
DA:192,0
DA:193,0
DA:194,0
DA:195,0
DA:197,0
DA:198,0
DA:201,0
DA:202,0
DA:205,0
DA:206,0
DA:209,0
DA:216,0
DA:217,0
DA:229,0
DA:238,0
DA:239,0
DA:241,0
DA:242,0
DA:251,0
DA:253,0
DA:254,0
DA:256,0
DA:257,0
DA:258,0
DA:259,0
DA:260,0
DA:261,0
DA:262,0
DA:263,0
DA:265,0
DA:268,0
DA:271,0
DA:278,0
DA:279,0
DA:291,0
DA:300,0
DA:301,0
DA:303,0
DA:304,0
DA:313,0
DA:315,0
DA:316,0
DA:318,0
DA:319,0
DA:320,0
DA:321,0
DA:322,0
DA:323,0
DA:324,0
DA:325,0
DA:327,0
DA:330,0
DA:333,0
DA:340,0
DA:341,0
DA:353,0
DA:363,0
DA:364,0
DA:366,0
DA:380,0
DA:381,0
DA:393,0
DA:400,0
DA:401,0
DA:403,0
DA:404,0
DA:413,0
DA:415,0
DA:417,0
DA:418,0
DA:419,0
DA:421,0
DA:422,0
DA:423,0
DA:424,0
DA:425,0
DA:427,0
DA:430,0
DA:431,0
DA:432,0
DA:433,0
DA:434,0
DA:438,0
DA:439,0
DA:442,0
DA:445,0
DA:452,0
DA:453,0
LF:146
LH:0
BRDA:21,0,0,0
BRDA:26,1,0,0
BRDA:26,1,1,0
BRDA:26,2,0,0
BRDA:26,2,1,0
BRDA:37,3,0,0
BRDA:37,3,1,0
BRDA:57,4,0,0
BRDA:57,4,1,0
BRDA:70,5,0,0
BRDA:81,6,0,0
BRDA:87,7,0,0
BRDA:87,7,1,0
BRDA:91,8,0,0
BRDA:91,8,1,0
BRDA:94,9,0,0
BRDA:118,10,0,0
BRDA:122,11,0,0
BRDA:122,11,1,0
BRDA:136,12,0,0
BRDA:136,12,1,0
BRDA:136,13,0,0
BRDA:136,13,1,0
BRDA:139,14,0,0
BRDA:139,14,1,0
BRDA:140,15,0,0
BRDA:140,15,1,0
BRDA:141,16,0,0
BRDA:141,16,1,0
BRDA:161,17,0,0
BRDA:161,17,1,0
BRDA:180,18,0,0
BRDA:180,18,1,0
BRDA:194,19,0,0
BRDA:194,19,1,0
BRDA:195,20,0,0
BRDA:195,20,1,0
BRDA:197,21,0,0
BRDA:197,21,1,0
BRDA:198,22,0,0
BRDA:198,22,1,0
BRDA:198,23,0,0
BRDA:198,23,1,0
BRDA:201,24,0,0
BRDA:201,24,1,0
BRDA:205,25,0,0
BRDA:205,25,1,0
BRDA:220,26,0,0
BRDA:220,26,1,0
BRDA:237,27,0,0
BRDA:241,28,0,0
BRDA:241,28,1,0
BRDA:254,29,0,0
BRDA:254,29,1,0
BRDA:256,30,0,0
BRDA:256,30,1,0
BRDA:256,31,0,0
BRDA:256,31,1,0
BRDA:258,32,0,0
BRDA:258,32,1,0
BRDA:259,33,0,0
BRDA:259,33,1,0
BRDA:260,34,0,0
BRDA:260,34,1,0
BRDA:261,35,0,0
BRDA:261,35,1,0
BRDA:262,36,0,0
BRDA:262,36,1,0
BRDA:282,37,0,0
BRDA:282,37,1,0
BRDA:299,38,0,0
BRDA:303,39,0,0
BRDA:303,39,1,0
BRDA:316,40,0,0
BRDA:316,40,1,0
BRDA:318,41,0,0
BRDA:318,41,1,0
BRDA:318,42,0,0
BRDA:318,42,1,0
BRDA:320,43,0,0
BRDA:320,43,1,0
BRDA:321,44,0,0
BRDA:321,44,1,0
BRDA:322,45,0,0
BRDA:322,45,1,0
BRDA:323,46,0,0
BRDA:323,46,1,0
BRDA:324,47,0,0
BRDA:324,47,1,0
BRDA:344,48,0,0
BRDA:344,48,1,0
BRDA:362,49,0,0
BRDA:384,50,0,0
BRDA:384,50,1,0
BRDA:403,51,0,0
BRDA:403,51,1,0
BRDA:417,52,0,0
BRDA:417,52,1,0
BRDA:417,53,0,0
BRDA:417,53,1,0
BRDA:421,54,0,0
BRDA:421,54,1,0
BRDA:424,55,0,0
BRDA:424,55,1,0
BRDA:425,56,0,0
BRDA:425,56,1,0
BRDA:430,57,0,0
BRDA:430,57,1,0
BRDA:433,58,0,0
BRDA:433,58,1,0
BRDA:434,59,0,0
BRDA:434,59,1,0
BRDA:438,60,0,0
BRDA:438,60,1,0
BRDA:438,61,0,0
BRDA:438,61,1,0
BRDA:456,62,0,0
BRDA:456,62,1,0
BRF:118
BRH:0
end_of_record
TN:
SF:src/tools/filesystem.ts
FN:11,registerFileSystemTools
FN:19,(anonymous_1)
FN:63,(anonymous_2)
FN:110,(anonymous_3)
FN:122,(anonymous_4)
FN:144,(anonymous_5)
FN:180,(anonymous_6)
FN:223,(anonymous_7)
FNF:8
FNH:0
FNDA:0,registerFileSystemTools
FNDA:0,(anonymous_1)
FNDA:0,(anonymous_2)
FNDA:0,(anonymous_3)
FNDA:0,(anonymous_4)
FNDA:0,(anonymous_5)
FNDA:0,(anonymous_6)
FNDA:0,(anonymous_7)
DA:13,0
DA:20,0
DA:21,0
DA:24,0
DA:25,0
DA:26,0
DA:29,0
DA:30,0
DA:32,0
DA:41,0
DA:42,0
DA:56,0
DA:64,0
DA:65,0
DA:68,0
DA:69,0
DA:70,0
DA:74,0
DA:75,0
DA:77,0
DA:78,0
DA:80,0
DA:89,0
DA:90,0
DA:104,0
DA:111,0
DA:112,0
DA:115,0
DA:116,0
DA:117,0
DA:120,0
DA:121,0
DA:123,0
DA:124,0
DA:125,0
DA:126,0
DA:133,0
DA:143,0
DA:145,0
DA:146,0
DA:150,0
DA:159,0
DA:160,0
DA:174,0
DA:181,0
DA:182,0
DA:185,0
DA:186,0
DA:187,0
DA:190,0
DA:192,0
DA:201,0
DA:202,0
DA:216,0
DA:224,0
DA:225,0
DA:228,0
DA:229,0
DA:230,0
DA:234,0
DA:235,0
DA:236,0
DA:239,0
DA:241,0
DA:242,0
DA:243,0
DA:245,0
DA:247,0
DA:250,0
DA:259,0
DA:260,0
LF:71
LH:0
BRDA:25,0,0,0
BRDA:25,0,1,0
BRDA:25,1,0,0
BRDA:25,1,1,0
BRDA:25,1,2,0
BRDA:46,2,0,0
BRDA:46,2,1,0
BRDA:69,3,0,0
BRDA:69,3,1,0
BRDA:69,4,0,0
BRDA:69,4,1,0
BRDA:69,4,2,0
BRDA:94,5,0,0
BRDA:94,5,1,0
BRDA:116,6,0,0
BRDA:116,6,1,0
BRDA:116,7,0,0
BRDA:116,7,1,0
BRDA:116,7,2,0
BRDA:128,8,0,0
BRDA:128,8,1,0
BRDA:128,9,0,0
BRDA:128,9,1,0
BRDA:129,10,0,0
BRDA:129,10,1,0
BRDA:135,11,0,0
BRDA:135,11,1,0
BRDA:135,12,0,0
BRDA:135,12,1,0
BRDA:145,13,0,0
BRDA:145,13,1,0
BRDA:146,14,0,0
BRDA:146,14,1,0
BRDA:164,15,0,0
BRDA:164,15,1,0
BRDA:186,16,0,0
BRDA:186,16,1,0
BRDA:186,17,0,0
BRDA:186,17,1,0
BRDA:186,17,2,0
BRDA:206,18,0,0
BRDA:206,18,1,0
BRDA:223,19,0,0
BRDA:229,20,0,0
BRDA:229,20,1,0
BRDA:229,21,0,0
BRDA:229,21,1,0
BRDA:229,21,2,0
BRDA:235,22,0,0
BRDA:235,22,1,0
BRDA:235,23,0,0
BRDA:235,23,1,0
BRDA:241,24,0,0
BRDA:241,24,1,0
BRDA:242,25,0,0
BRDA:242,25,1,0
BRDA:264,26,0,0
BRDA:264,26,1,0
BRF:58
BRH:0
end_of_record
TN:
SF:src/tools/web.ts
FN:9,registerWebTools
FN:18,(anonymous_1)
FN:88,(anonymous_2)
FNF:3
FNH:0
FNDA:0,registerWebTools
FNDA:0,(anonymous_1)
FNDA:0,(anonymous_2)
DA:11,0
DA:19,0
DA:20,0
DA:23,0
DA:24,0
DA:25,0
DA:29,0
DA:34,0
DA:41,0
DA:42,0
DA:45,0
DA:46,0
DA:47,0
DA:50,0
DA:51,0
DA:53,0
DA:56,0
DA:65,0
DA:66,0
DA:80,0
DA:89,0
DA:90,0
DA:93,0
DA:94,0
DA:95,0
DA:98,0
DA:104,0
DA:111,0
DA:112,0
DA:114,0
DA:123,0
DA:124,0
LF:32
LH:0
BRDA:18,0,0,0
BRDA:24,1,0,0
BRDA:24,1,1,0
BRDA:41,2,0,0
BRDA:41,2,1,0
BRDA:45,3,0,0
BRDA:45,3,1,0
BRDA:47,4,0,0
BRDA:47,4,1,0
BRDA:50,5,0,0
BRDA:50,5,1,0
BRDA:53,6,0,0
BRDA:53,6,1,0
BRDA:60,7,0,0
BRDA:60,7,1,0
BRDA:70,8,0,0
BRDA:70,8,1,0
BRDA:88,9,0,0
BRDA:88,10,0,0
BRDA:94,11,0,0
BRDA:94,11,1,0
BRDA:111,12,0,0
BRDA:111,12,1,0
BRDA:128,13,0,0
BRDA:128,13,1,0
BRF:25
BRH:0
end_of_record
TN:
SF:src/utils/config.ts
FN:25,validateConfig
FNF:1
FNH:0
FNDA:0,validateConfig
DA:15,1
DA:25,1
DA:26,0
DA:28,0
DA:29,0
DA:32,0
DA:33,0
DA:38,1
LF:8
LH:3
BRDA:16,0,0,1
BRDA:16,0,1,1
BRDA:17,1,0,1
BRDA:17,1,1,1
BRDA:18,2,0,1
BRDA:18,2,1,1
BRDA:19,3,0,1
BRDA:19,3,1,1
BRDA:20,4,0,1
BRDA:20,4,1,1
BRDA:21,5,0,1
BRDA:21,5,1,1
BRDA:28,6,0,0
BRDA:28,6,1,0
BRDA:32,7,0,0
BRDA:32,7,1,0
BRF:16
BRH:12
end_of_record
TN:
SF:src/utils/logger.ts
FN:16,(anonymous_0)
FN:20,(anonymous_1)
FN:27,(anonymous_2)
FN:29,(anonymous_3)
FN:36,(anonymous_4)
FN:42,(anonymous_5)
FN:48,(anonymous_6)
FN:54,(anonymous_7)
FNF:8
FNH:7
FNDA:3,(anonymous_0)
FNDA:34,(anonymous_1)
FNDA:33,(anonymous_2)
FNDA:0,(anonymous_3)
FNDA:1,(anonymous_4)
FNDA:31,(anonymous_5)
FNDA:1,(anonymous_6)
FNDA:1,(anonymous_7)
DA:17,3
DA:21,34
DA:22,34
DA:23,34
DA:24,34
DA:28,33
DA:29,33
DA:30,0
DA:33,33
DA:37,1
DA:38,0
DA:43,31
DA:44,31
DA:49,1
DA:50,1
DA:55,1
DA:56,1
DA:61,3
LF:18
LH:16
BRDA:17,0,0,3
BRDA:17,0,1,3
BRDA:29,1,0,0
BRDA:29,1,1,33
BRDA:30,2,0,0
BRDA:30,2,1,0
BRDA:37,3,0,0
BRDA:37,3,1,1
BRDA:43,4,0,31
BRDA:43,4,1,0
BRDA:49,5,0,1
BRDA:49,5,1,0
BRDA:55,6,0,1
BRDA:55,6,1,0
BRF:14
BRH:7
end_of_record
